%!Adobe-FontList 1.14
%Locale:0x409

%BeginFont
Handler:DirectoryHandler
FontType:Invalid
OutlineFileName:D:\TechniArt Files\Websites\mass-mobile-rac2\Font\vjs.eot
FileModTime:1436457498
%EndFont

%BeginFont
Handler:DirectoryHandler
FontType:Invalid
OutlineFileName:D:\TechniArt Files\Websites\mass-mobile-rac2\Font\vjs.svg
FileModTime:1436457498
%EndFont

%BeginFont
Handler:DirectoryHandler
FontType:TrueType
FontName:icomoon
FamilyName:icomoon
StyleName:Regular
FullName:icomoon
MenuName:icomoon
StyleBits:0
WritingScript:Roman
OutlineFileName:D:\TechniArt Files\Websites\mass-mobile-rac2\Font\vjs.ttf
DataFormat:sfntData
FileLength:4640
FileModTime:1436457498
WeightClass:400
WidthClass:5
AngleClass:0
%EndFont

%BeginFont
Handler:DirectoryHandler
FontType:Invalid
OutlineFileName:D:\TechniArt Files\Websites\mass-mobile-rac2\Font\vjs.woff
FileModTime:1436457498
%EndFont

